<?xml version="1.0" encoding="UTF-8"?>
<testng-results skipped="0" failed="1" ignored="0" total="1" passed="0">
  <reporter-output>
  </reporter-output>
  <suite name="Default suite" duration-ms="76407" started-at="2020-08-23T21:14:46 AEST" finished-at="2020-08-23T21:16:03 AEST">
    <groups>
    </groups>
    <test name="Default test" duration-ms="76407" started-at="2020-08-23T21:14:46 AEST" finished-at="2020-08-23T21:16:03 AEST">
      <class name="com.gomachanic.test.TestHomePage">
        <test-method status="PASS" signature="startReport()[pri:0, instance:com.gomachanic.test.TestHomePage@8e24743]" name="startReport" is-config="true" duration-ms="98" started-at="2020-08-23T21:14:46 AEST" finished-at="2020-08-23T21:14:46 AEST">
          <reporter-output>
          </reporter-output>
        </test-method> <!-- startReport -->
        <test-method status="FAIL" signature="verifyLaunchApp()[pri:0, instance:com.gomachanic.test.TestHomePage@8e24743]" name="verifyLaunchApp" duration-ms="73971" started-at="2020-08-23T21:14:46 AEST" finished-at="2020-08-23T21:16:00 AEST">
          <exception class="java.lang.AssertionError">
            <message>
              <![CDATA[The periodic service link is not present on the screen expected [true] but found [false]]]>
            </message>
            <full-stacktrace>
              <![CDATA[java.lang.AssertionError: The periodic service link is not present on the screen expected [true] but found [false]
at org.testng.Assert.fail(Assert.java:99)
at org.testng.Assert.failNotEquals(Assert.java:1037)
at org.testng.Assert.assertTrue(Assert.java:45)
at com.gomachanic.test.TestHomePage.verifyLaunchApp(TestHomePage.java:18)
at sun.reflect.NativeMethodAccessorImpl.invoke0(Native Method)
at sun.reflect.NativeMethodAccessorImpl.invoke(Unknown Source)
at sun.reflect.DelegatingMethodAccessorImpl.invoke(Unknown Source)
at java.lang.reflect.Method.invoke(Unknown Source)
at org.testng.internal.MethodInvocationHelper.invokeMethod(MethodInvocationHelper.java:132)
at org.testng.internal.TestInvoker.invokeMethod(TestInvoker.java:599)
at org.testng.internal.TestInvoker.invokeTestMethod(TestInvoker.java:174)
at org.testng.internal.MethodRunner.runInSequence(MethodRunner.java:46)
at org.testng.internal.TestInvoker$MethodInvocationAgent.invoke(TestInvoker.java:822)
at org.testng.internal.TestInvoker.invokeTestMethods(TestInvoker.java:147)
at org.testng.internal.TestMethodWorker.invokeTestMethods(TestMethodWorker.java:146)
at org.testng.internal.TestMethodWorker.run(TestMethodWorker.java:128)
at java.util.ArrayList.forEach(Unknown Source)
at org.testng.TestRunner.privateRun(TestRunner.java:764)
at org.testng.TestRunner.run(TestRunner.java:585)
at org.testng.SuiteRunner.runTest(SuiteRunner.java:384)
at org.testng.SuiteRunner.runSequentially(SuiteRunner.java:378)
at org.testng.SuiteRunner.privateRun(SuiteRunner.java:337)
at org.testng.SuiteRunner.run(SuiteRunner.java:286)
at org.testng.SuiteRunnerWorker.runSuite(SuiteRunnerWorker.java:53)
at org.testng.SuiteRunnerWorker.run(SuiteRunnerWorker.java:96)
at org.testng.TestNG.runSuitesSequentially(TestNG.java:1218)
at org.testng.TestNG.runSuitesLocally(TestNG.java:1140)
at org.testng.TestNG.runSuites(TestNG.java:1069)
at org.testng.TestNG.run(TestNG.java:1037)
at org.testng.remote.AbstractRemoteTestNG.run(AbstractRemoteTestNG.java:115)
at org.testng.remote.RemoteTestNG.initAndRun(RemoteTestNG.java:251)
at org.testng.remote.RemoteTestNG.main(RemoteTestNG.java:77)
]]>
            </full-stacktrace>
          </exception> <!-- java.lang.AssertionError -->
          <reporter-output>
          </reporter-output>
        </test-method> <!-- verifyLaunchApp -->
        <test-method status="PASS" signature="getResult(org.testng.ITestResult)[pri:0, instance:com.gomachanic.test.TestHomePage@8e24743]" name="getResult" is-config="true" duration-ms="2040" started-at="2020-08-23T21:16:00 AEST" finished-at="2020-08-23T21:16:02 AEST">
          <params>
            <param index="0">
              <value>
                <![CDATA[[TestResult name=verifyLaunchApp status=FAILURE method=TestHomePage.verifyLaunchApp()[pri:0, instance:com.gomachanic.test.TestHomePage@8e24743] output={null}]]]>
              </value>
            </param>
          </params>
          <reporter-output>
          </reporter-output>
        </test-method> <!-- getResult -->
        <test-method status="PASS" signature="endReport()[pri:0, instance:com.gomachanic.test.TestHomePage@8e24743]" name="endReport" is-config="true" duration-ms="270" started-at="2020-08-23T21:16:02 AEST" finished-at="2020-08-23T21:16:03 AEST">
          <reporter-output>
          </reporter-output>
        </test-method> <!-- endReport -->
      </class> <!-- com.gomachanic.test.TestHomePage -->
    </test> <!-- Default test -->
  </suite> <!-- Default suite -->
</testng-results>
